<?xml version="1.0" encoding= "UTF-8" ?><testsuites><testsuite hostname="raghu" name="cache_storage_SUITE" time="3.288995" timestamp="2018-12-16T00:28:14" errors="0" failures="0" skipped="0" tests="1" log="/home/raghu/erlang/erlang_challenges/_build/test/logs/ct_run.nonode@nohost.2018-12-16_00.28.14/lib.erlang_challenges.cache_storage_SUITE.logs/run.2018-12-16_00.28.14/suite.log.html"><testcase name="init_per_suite" time="0.002470" timestamp="2018-12-16T00:28:14" log="/home/raghu/erlang/erlang_challenges/_build/test/logs/ct_run.nonode@nohost.2018-12-16_00.28.14/lib.erlang_challenges.cache_storage_SUITE.logs/run.2018-12-16_00.28.14/cache_storage_suite.init_per_suite.html"></testcase><testcase name="set_get" time="2.002286" timestamp="2018-12-16T00:28:14" log="/home/raghu/erlang/erlang_challenges/_build/test/logs/ct_run.nonode@nohost.2018-12-16_00.28.14/lib.erlang_challenges.cache_storage_SUITE.logs/run.2018-12-16_00.28.14/cache_storage_suite.set_get.html"></testcase><testcase name="end_per_suite" time="0.000220" timestamp="2018-12-16T00:28:16" log="/home/raghu/erlang/erlang_challenges/_build/test/logs/ct_run.nonode@nohost.2018-12-16_00.28.14/lib.erlang_challenges.cache_storage_SUITE.logs/run.2018-12-16_00.28.14/cache_storage_suite.end_per_suite.html"></testcase></testsuite></testsuites>