<?xml version="1.0" encoding= "UTF-8" ?><testsuites><testsuite hostname="raghu" name="cache_storage_SUITE" time="3.341686" timestamp="2019-10-19T13:19:28" errors="0" failures="0" skipped="0" tests="1" log="/home/raghu/erlang/practice/erlang_practice/_build/test/logs/ct_run.erlang_challenges@raghu.2019-10-19_13.19.28/lib.erlang_challenges.logs/run.2019-10-19_13.19.28/suite.log.html"><testcase name="init_per_suite" time="0.004070" timestamp="2019-10-19T13:19:28" log="/home/raghu/erlang/practice/erlang_practice/_build/test/logs/ct_run.erlang_challenges@raghu.2019-10-19_13.19.28/lib.erlang_challenges.logs/run.2019-10-19_13.19.28/cache_storage_suite.init_per_suite.html"></testcase><testcase name="set_get" time="2.002273" timestamp="2019-10-19T13:19:28" log="/home/raghu/erlang/practice/erlang_practice/_build/test/logs/ct_run.erlang_challenges@raghu.2019-10-19_13.19.28/lib.erlang_challenges.logs/run.2019-10-19_13.19.28/cache_storage_suite.set_get.html"></testcase><testcase name="end_per_suite" time="0.000285" timestamp="2019-10-19T13:19:30" log="/home/raghu/erlang/practice/erlang_practice/_build/test/logs/ct_run.erlang_challenges@raghu.2019-10-19_13.19.28/lib.erlang_challenges.logs/run.2019-10-19_13.19.28/cache_storage_suite.end_per_suite.html"></testcase></testsuite></testsuites>